{
  "RSpec": {
    "coverage": {
      "/Users/olgaboiaryntseva/projects/ttt_ruby/lib/board_size.rb": [
        null,
        1,
        1,
        78,
        null,
        null,
        1,
        2,
        2,
        2,
        2,
        2,
        null,
        2,
        null,
        null
      ],
      "/Users/olgaboiaryntseva/projects/ttt_ruby/spec/board_spec.rb": [
        1,
        1,
        null,
        1,
        1,
        25,
        25,
        25,
        25,
        25,
        25,
        25,
        null,
        null,
        1,
        1,
        1,
        1,
        1,
        1,
        null,
        null,
        1,
        1,
        1,
        1,
        1,
        null,
        null,
        null,
        null,
        1,
        1,
        1,
        1,
        null,
        1,
        1,
        1,
        1,
        1,
        null,
        1,
        1,
        1,
        1,
        1,
        1,
        1,
        1,
        null,
        1,
        1,
        1,
        1,
        1,
        1,
        1,
        1,
        null,
        1,
        1,
        1,
        1,
        1,
        1,
        1,
        1,
        null,
        null,
        null,
        1,
        1,
        1,
        1,
        1,
        1,
        1,
        1,
        1,
        1,
        1,
        1,
        1,
        null,
        1,
        1,
        1,
        1,
        1,
        1,
        1,
        1,
        null,
        null,
        null,
        1,
        1,
        1,
        1,
        1,
        1,
        1,
        1,
        1,
        1,
        1,
        1,
        1,
        null,
        1,
        1,
        1,
        1,
        1,
        1,
        1,
        1,
        null,
        1,
        1,
        1,
        null,
        1,
        1,
        1,
        1,
        1,
        1,
        null,
        null,
        null,
        1,
        1,
        1,
        1,
        1,
        1,
        null,
        1,
        1,
        null,
        1,
        1,
        1,
        1,
        1,
        null,
        null,
        null,
        1,
        1,
        1,
        1,
        null,
        1,
        1,
        1,
        null,
        1,
        1,
        1,
        1,
        null,
        null,
        null,
        1,
        1,
        1,
        1,
        null,
        1,
        1,
        1,
        1,
        null,
        1,
        1,
        1,
        1,
        null,
        null,
        null,
        1,
        1,
        1,
        1,
        1,
        1,
        1,
        1,
        null,
        1,
        1,
        1,
        1,
        1,
        1,
        1,
        1,
        1,
        1,
        1,
        1,
        null,
        1,
        1,
        1,
        null,
        null,
        null
      ],
      "/Users/olgaboiaryntseva/projects/ttt_ruby/lib/board.rb": [
        1,
        1,
        1,
        null,
        1,
        1,
        38,
        38,
        38,
        38,
        38,
        null,
        null,
        1,
        null,
        1,
        1,
        null,
        null,
        1,
        14,
        null,
        null,
        1,
        4,
        null,
        null,
        1,
        4,
        null,
        null,
        1,
        13,
        null,
        null,
        1,
        87,
        87,
        null,
        null,
        1,
        70,
        null,
        null,
        1,
        7,
        7,
        63,
        null,
        7,
        null,
        null
      ],
      "/Users/olgaboiaryntseva/projects/ttt_ruby/lib/console/marker.rb": [
        null,
        1,
        1,
        43,
        43,
        null,
        null,
        1,
        77,
        null,
        null,
        1,
        56,
        null,
        null
      ],
      "/Users/olgaboiaryntseva/projects/ttt_ruby/lib/console/setup.rb": [
        null,
        null,
        null,
        null,
        1,
        1,
        83,
        83,
        null,
        null,
        1,
        45,
        45,
        411,
        null,
        45,
        null,
        null,
        1,
        5,
        5,
        null,
        null,
        1,
        5,
        5,
        15,
        15,
        15,
        null,
        null,
        null,
        1,
        15,
        49,
        49,
        null,
        null,
        null,
        1,
        15,
        15,
        null,
        null,
        1,
        14,
        56,
        42,
        14,
        14,
        12,
        8,
        null,
        6,
        null,
        null,
        1,
        14,
        42,
        42,
        42,
        126,
        null,
        null,
        null,
        null,
        1,
        14,
        38,
        null,
        12,
        null,
        null,
        1,
        12,
        31,
        null,
        8,
        null,
        null,
        1,
        8,
        16,
        null,
        6,
        null,
        null
      ],
      "/Users/olgaboiaryntseva/projects/ttt_ruby/spec/computer_spec.rb": [
        1,
        1,
        null,
        1,
        1,
        3,
        3,
        3,
        3,
        null,
        null,
        1,
        1,
        1,
        1,
        1,
        null,
        null,
        null,
        1,
        1,
        1,
        1,
        1,
        null,
        1,
        1,
        1,
        1,
        null,
        null,
        null
      ],
      "/Users/olgaboiaryntseva/projects/ttt_ruby/lib/computer.rb": [
        null,
        1,
        1,
        null,
        1,
        3,
        3,
        3,
        3,
        null,
        null,
        1,
        3,
        2,
        2,
        null,
        1,
        1,
        null,
        null,
        null,
        1,
        0,
        null,
        0,
        null,
        null,
        1,
        0,
        0,
        0,
        0,
        0,
        null,
        null,
        1,
        0,
        0,
        null,
        0,
        0,
        0,
        0,
        0,
        0,
        null,
        0,
        null,
        null,
        1,
        0,
        0,
        null,
        null,
        1,
        0,
        0,
        0,
        0,
        0,
        0,
        0,
        0,
        null,
        null,
        null,
        1,
        0,
        0,
        null,
        null,
        1,
        0,
        0,
        0,
        0,
        0,
        null,
        null,
        null,
        1,
        2,
        null,
        2,
        null,
        null
      ],
      "/Users/olgaboiaryntseva/projects/ttt_ruby/spec/game_spec.rb": [
        1,
        1,
        null,
        1,
        1,
        0,
        0,
        0,
        0,
        0,
        0,
        0,
        0,
        0,
        0,
        null,
        null
      ],
      "/Users/olgaboiaryntseva/projects/ttt_ruby/lib/game.rb": [
        1,
        1,
        1,
        1,
        1,
        1,
        null,
        1,
        1,
        0,
        0,
        0,
        0,
        0,
        0,
        0,
        0,
        0,
        0,
        null,
        null,
        1,
        0,
        0,
        0,
        0,
        0,
        0,
        0,
        0,
        null,
        null,
        1,
        0,
        0,
        0,
        0,
        0,
        null,
        null,
        1,
        0,
        0,
        0,
        null,
        null,
        1,
        0,
        0,
        0,
        null,
        null,
        1,
        0,
        0,
        0,
        null,
        null,
        1,
        0,
        0,
        null,
        null
      ],
      "/Users/olgaboiaryntseva/projects/ttt_ruby/lib/console/user_interaction.rb": [
        1,
        null,
        1,
        1,
        0,
        null,
        null,
        1,
        0,
        null,
        null,
        1,
        2,
        null,
        null,
        1,
        6,
        null,
        null,
        1,
        4,
        null,
        null,
        1,
        5,
        null,
        null,
        1,
        9,
        null,
        null,
        1,
        0,
        0,
        null,
        null,
        1,
        0,
        null,
        null,
        1,
        0,
        null,
        null,
        1,
        0,
        null,
        null,
        1,
        0,
        null,
        null,
        1,
        0,
        null,
        null,
        1,
        0,
        null,
        null,
        1,
        0,
        null,
        null,
        1,
        0,
        null,
        null,
        1,
        0,
        null,
        null,
        1,
        0,
        null,
        null,
        1,
        0,
        null,
        null,
        1,
        0,
        null,
        null,
        1,
        0,
        null,
        null,
        1,
        0,
        null,
        null,
        1,
        0,
        null,
        null
      ],
      "/Users/olgaboiaryntseva/projects/ttt_ruby/lib/language.rb": [
        null,
        1,
        1,
        2,
        null,
        null,
        1,
        2,
        2,
        2,
        2,
        2,
        null,
        0,
        0,
        null,
        null,
        null
      ],
      "/Users/olgaboiaryntseva/projects/ttt_ruby/lib/tictactoe.rb": [
        1,
        null,
        1,
        1,
        null,
        1,
        1,
        1,
        1,
        null,
        null,
        1,
        0,
        0,
        0,
        0,
        null,
        0,
        0,
        null,
        null,
        null,
        1,
        0,
        0,
        0,
        null,
        0,
        0,
        null,
        null,
        null,
        1,
        0,
        0,
        0,
        0,
        0,
        null,
        0,
        0,
        0,
        null,
        null,
        1,
        1,
        null,
        null,
        1,
        0,
        0,
        null,
        null
      ],
      "/Users/olgaboiaryntseva/projects/ttt_ruby/lib/human.rb": [
        null,
        1,
        1,
        null,
        1,
        4,
        4,
        null,
        null,
        1,
        0,
        0,
        0,
        0,
        0,
        null,
        0,
        null,
        null,
        null,
        1,
        0,
        0,
        0,
        0,
        0,
        null,
        0,
        null,
        null,
        1,
        2,
        2,
        0,
        0,
        null,
        2,
        null,
        null,
        null
      ],
      "/Users/olgaboiaryntseva/projects/ttt_ruby/spec/human_spec.rb": [
        1,
        1,
        null,
        1,
        1,
        2,
        2,
        2,
        2,
        2,
        null,
        null,
        1,
        1,
        1,
        1,
        1,
        1,
        1,
        1,
        1,
        null,
        1,
        1,
        1,
        1,
        1,
        1,
        1,
        1,
        null,
        null,
        null
      ],
      "/Users/olgaboiaryntseva/projects/ttt_ruby/spec/language_spec.rb": [
        1,
        1,
        null,
        1,
        1,
        2,
        2,
        2,
        null,
        null,
        1,
        1,
        1,
        1,
        1,
        null,
        1,
        1,
        1,
        1,
        null,
        null,
        null
      ],
      "/Users/olgaboiaryntseva/projects/ttt_ruby/spec/marker_spec.rb": [
        1,
        1,
        null,
        1,
        1,
        2,
        null,
        null,
        1,
        1,
        1,
        1,
        null,
        null,
        null,
        1,
        1,
        1,
        1,
        null,
        null,
        null
      ],
      "/Users/olgaboiaryntseva/projects/ttt_ruby/spec/setup_spec.rb": [
        1,
        1,
        null,
        1,
        1,
        10,
        10,
        10,
        10,
        10,
        10,
        null,
        null,
        1,
        1,
        1,
        1,
        null,
        1,
        1,
        1,
        null,
        1,
        1,
        1,
        null,
        null,
        null,
        1,
        1,
        1,
        1,
        1,
        1,
        null,
        null,
        1,
        1,
        1,
        1,
        1,
        null,
        null,
        null,
        null,
        1,
        1,
        1,
        1,
        null,
        1,
        1,
        1,
        1,
        1,
        null,
        1,
        1,
        1,
        1,
        1,
        1,
        1,
        1,
        null,
        1,
        1,
        1,
        1,
        1,
        1,
        1,
        1,
        null,
        1,
        1,
        1,
        1,
        1,
        1,
        1,
        1,
        null,
        null,
        null
      ],
      "/Users/olgaboiaryntseva/projects/ttt_ruby/spec/tictactoe_spec.rb": [
        1,
        1,
        null,
        1,
        1,
        1,
        1,
        1,
        1,
        1,
        1,
        1,
        1,
        1,
        1,
        null,
        null,
        1,
        1,
        1,
        1,
        null,
        null,
        null,
        null
      ],
      "/Users/olgaboiaryntseva/projects/ttt_ruby/spec/user_interaction_spec.rb": [
        1,
        1,
        null,
        1,
        1,
        23,
        null,
        null,
        1,
        1,
        1,
        1,
        1,
        null,
        null,
        null,
        1,
        1,
        1,
        1,
        null,
        null,
        1,
        1,
        1,
        null,
        null,
        1,
        1,
        1,
        null,
        null,
        1,
        1,
        1,
        null,
        null,
        1,
        1,
        1,
        null,
        null,
        1,
        1,
        1,
        null,
        null,
        null,
        1,
        1,
        1,
        1,
        null,
        null,
        1,
        1,
        1,
        null,
        null,
        1,
        1,
        1,
        null,
        null,
        1,
        1,
        1,
        null,
        null,
        null,
        1,
        1,
        1,
        1,
        null,
        null,
        1,
        1,
        1,
        null,
        null,
        1,
        1,
        1,
        null,
        null,
        1,
        1,
        1,
        null,
        null,
        1,
        1,
        1,
        null,
        null,
        null,
        1,
        1,
        1,
        1,
        null,
        null,
        1,
        1,
        1,
        null,
        null,
        1,
        1,
        1,
        null,
        null,
        1,
        1,
        1,
        null,
        null,
        1,
        1,
        1,
        null,
        null,
        1,
        1,
        1,
        null,
        null,
        1,
        1,
        1,
        null,
        null,
        null
      ]
    },
    "timestamp": 1543607030
  }
}
